2026-02-03 21:54:45,671 [INFO] compute_permit_sim.services.simulation: Resetting simulation model
2026-02-03 21:54:45,699 [INFO] compute_permit_sim.services.simulation: Model initialized with seed: None
2026-02-03 21:54:50,868 [INFO] compute_permit_sim.services.simulation: Starting play loop
2026-02-03 21:54:50,873 [INFO] MESA.mesa.model: calling model.step for step 1 at time 1.0
2026-02-03 21:54:50,876 [ERROR] compute_permit_sim.services.simulation: Error in play loop: 'ComputePermitModel' object has no attribute 'schedule'
Traceback (most recent call last):
  File "C:\source\aisc-cm-simulator\src\compute_permit_sim\services\simulation.py", line 143, in play_loop
    self.step()
    ~~~~~~~~~^^
  File "C:\source\aisc-cm-simulator\src\compute_permit_sim\services\simulation.py", line 87, in step
    self.active.step_count.value = model.schedule.steps
                                   ^^^^^^^^^^^^^^
AttributeError: 'ComputePermitModel' object has no attribute 'schedule'
2026-02-03 21:58:29,246 [INFO] compute_permit_sim.services.simulation: Resetting simulation model
2026-02-03 21:58:29,274 [INFO] compute_permit_sim.services.simulation: Model initialized with seed: None
2026-02-03 21:58:39,127 [INFO] compute_permit_sim.services.simulation: Starting play loop
2026-02-03 21:58:39,129 [INFO] MESA.mesa.model: calling model.step for step 1 at time 1.0
2026-02-03 21:58:39,148 [INFO] compute_permit_sim.services.simulation: Step 1 complete. Price: 0.00, Compliance: 100.00%
2026-02-03 21:58:39,238 [INFO] MESA.mesa.model: calling model.step for step 2 at time 2.0
2026-02-03 21:58:39,370 [INFO] compute_permit_sim.services.simulation: Step 2 complete. Price: 0.00, Compliance: 100.00%
2026-02-03 21:59:15,684 [INFO] compute_permit_sim.services.simulation: Loading scenario: EXAMPLE_3_high_risk.json
2026-02-03 21:59:17,599 [INFO] compute_permit_sim.services.simulation: Resetting simulation model
2026-02-03 21:59:17,756 [INFO] compute_permit_sim.services.simulation: Model initialized with seed: 101
2026-02-03 21:59:20,375 [INFO] compute_permit_sim.services.simulation: Starting play loop
2026-02-03 21:59:20,377 [INFO] MESA.mesa.model: calling model.step for step 1 at time 1.0
2026-02-03 21:59:20,378 [INFO] compute_permit_sim.core.agents: Lab 4 CHEATING: Gain (12.357) > ExpPenalty (0.730)
2026-02-03 21:59:20,379 [INFO] compute_permit_sim.core.agents: Lab 7 CHEATING: Gain (12.384) > ExpPenalty (0.919)
2026-02-03 21:59:20,380 [INFO] compute_permit_sim.core.agents: Lab 8 CHEATING: Gain (12.089) > ExpPenalty (0.873)
2026-02-03 21:59:20,391 [INFO] compute_permit_sim.core.agents: Lab 16 CHEATING: Gain (12.426) > ExpPenalty (0.570)
2026-02-03 21:59:20,394 [INFO] compute_permit_sim.core.agents: Lab 18 CHEATING: Gain (12.203) > ExpPenalty (0.559)
2026-02-03 21:59:20,401 [INFO] compute_permit_sim.services.simulation: Step 1 complete. Price: 2.52, Compliance: 75.00%
2026-02-03 21:59:20,480 [INFO] MESA.mesa.model: calling model.step for step 2 at time 2.0
2026-02-03 21:59:20,716 [INFO] compute_permit_sim.core.agents: Lab 4 CHEATING: Gain (12.357) > ExpPenalty (0.730)
2026-02-03 21:59:20,733 [INFO] compute_permit_sim.core.agents: Lab 7 CHEATING: Gain (12.384) > ExpPenalty (0.919)
2026-02-03 21:59:20,745 [INFO] compute_permit_sim.core.agents: Lab 8 CHEATING: Gain (12.089) > ExpPenalty (0.873)
2026-02-03 21:59:20,749 [INFO] compute_permit_sim.core.agents: Lab 16 CHEATING: Gain (12.426) > ExpPenalty (0.570)
2026-02-03 21:59:20,759 [INFO] compute_permit_sim.core.agents: Lab 18 CHEATING: Gain (12.203) > ExpPenalty (0.559)
2026-02-03 21:59:20,862 [INFO] compute_permit_sim.services.simulation: Step 2 complete. Price: 2.52, Compliance: 75.00%
2026-02-03 21:59:20,923 [INFO] MESA.mesa.model: calling model.step for step 3 at time 3.0
2026-02-03 21:59:20,925 [INFO] compute_permit_sim.core.agents: Lab 4 CHEATING: Gain (12.357) > ExpPenalty (0.730)
2026-02-03 21:59:20,926 [INFO] compute_permit_sim.core.agents: Lab 7 CHEATING: Gain (12.384) > ExpPenalty (0.919)
2026-02-03 21:59:20,927 [INFO] compute_permit_sim.core.agents: Lab 8 CHEATING: Gain (12.089) > ExpPenalty (0.873)
2026-02-03 21:59:20,928 [INFO] compute_permit_sim.core.agents: Lab 16 CHEATING: Gain (12.426) > ExpPenalty (0.570)
2026-02-03 21:59:20,930 [INFO] compute_permit_sim.core.agents: Lab 18 CHEATING: Gain (12.203) > ExpPenalty (0.559)
2026-02-03 21:59:21,001 [INFO] compute_permit_sim.services.simulation: Step 3 complete. Price: 2.52, Compliance: 75.00%
2026-02-03 21:59:21,075 [INFO] MESA.mesa.model: calling model.step for step 4 at time 4.0
2026-02-03 21:59:21,079 [INFO] compute_permit_sim.core.agents: Lab 4 CHEATING: Gain (12.357) > ExpPenalty (0.730)
2026-02-03 21:59:21,081 [INFO] compute_permit_sim.core.agents: Lab 7 CHEATING: Gain (12.384) > ExpPenalty (0.919)
2026-02-03 21:59:21,082 [INFO] compute_permit_sim.core.agents: Lab 8 CHEATING: Gain (12.089) > ExpPenalty (0.873)
2026-02-03 21:59:21,090 [INFO] compute_permit_sim.core.agents: Lab 16 CHEATING: Gain (12.426) > ExpPenalty (0.570)
2026-02-03 21:59:21,092 [INFO] compute_permit_sim.core.agents: Lab 18 CHEATING: Gain (12.203) > ExpPenalty (0.559)
2026-02-03 21:59:21,160 [INFO] compute_permit_sim.services.simulation: Step 4 complete. Price: 2.52, Compliance: 75.00%
2026-02-03 21:59:21,222 [INFO] MESA.mesa.model: calling model.step for step 5 at time 5.0
2026-02-03 21:59:21,224 [INFO] compute_permit_sim.core.agents: Lab 4 CHEATING: Gain (12.357) > ExpPenalty (0.730)
2026-02-03 21:59:21,225 [INFO] compute_permit_sim.core.agents: Lab 7 CHEATING: Gain (12.384) > ExpPenalty (0.919)
2026-02-03 21:59:21,226 [INFO] compute_permit_sim.core.agents: Lab 8 CHEATING: Gain (12.089) > ExpPenalty (0.873)
2026-02-03 21:59:21,228 [INFO] compute_permit_sim.core.agents: Lab 16 CHEATING: Gain (12.426) > ExpPenalty (0.570)
2026-02-03 21:59:21,228 [INFO] compute_permit_sim.core.agents: Lab 18 CHEATING: Gain (12.203) > ExpPenalty (0.559)
2026-02-03 21:59:21,306 [INFO] compute_permit_sim.services.simulation: Step 5 complete. Price: 2.52, Compliance: 75.00%
2026-02-03 21:59:21,371 [INFO] MESA.mesa.model: calling model.step for step 6 at time 6.0
2026-02-03 21:59:21,375 [INFO] compute_permit_sim.core.agents: Lab 4 CHEATING: Gain (12.357) > ExpPenalty (0.730)
2026-02-03 21:59:21,376 [INFO] compute_permit_sim.core.agents: Lab 7 CHEATING: Gain (12.384) > ExpPenalty (0.919)
2026-02-03 21:59:21,377 [INFO] compute_permit_sim.core.agents: Lab 8 CHEATING: Gain (12.089) > ExpPenalty (0.873)
2026-02-03 21:59:21,378 [INFO] compute_permit_sim.core.agents: Lab 16 CHEATING: Gain (12.426) > ExpPenalty (0.570)
2026-02-03 21:59:21,378 [INFO] compute_permit_sim.core.agents: Lab 18 CHEATING: Gain (12.203) > ExpPenalty (0.559)
2026-02-03 21:59:21,461 [INFO] compute_permit_sim.services.simulation: Step 6 complete. Price: 2.52, Compliance: 75.00%
2026-02-03 21:59:21,522 [INFO] MESA.mesa.model: calling model.step for step 7 at time 7.0
2026-02-03 21:59:21,525 [INFO] compute_permit_sim.core.agents: Lab 4 CHEATING: Gain (12.357) > ExpPenalty (0.730)
2026-02-03 21:59:21,527 [INFO] compute_permit_sim.core.agents: Lab 7 CHEATING: Gain (12.384) > ExpPenalty (0.919)
2026-02-03 21:59:21,529 [INFO] compute_permit_sim.core.agents: Lab 8 CHEATING: Gain (12.089) > ExpPenalty (0.873)
2026-02-03 21:59:21,531 [INFO] compute_permit_sim.core.agents: Lab 16 CHEATING: Gain (12.426) > ExpPenalty (0.570)
2026-02-03 21:59:21,533 [INFO] compute_permit_sim.core.agents: Lab 18 CHEATING: Gain (12.203) > ExpPenalty (0.559)
2026-02-03 21:59:21,611 [INFO] compute_permit_sim.services.simulation: Step 7 complete. Price: 2.52, Compliance: 75.00%
2026-02-03 21:59:21,672 [INFO] MESA.mesa.model: calling model.step for step 8 at time 8.0
2026-02-03 21:59:21,676 [INFO] compute_permit_sim.core.agents: Lab 4 CHEATING: Gain (12.357) > ExpPenalty (0.730)
2026-02-03 21:59:21,677 [INFO] compute_permit_sim.core.agents: Lab 7 CHEATING: Gain (12.384) > ExpPenalty (0.919)
2026-02-03 21:59:21,680 [INFO] compute_permit_sim.core.agents: Lab 8 CHEATING: Gain (12.089) > ExpPenalty (0.873)
2026-02-03 21:59:21,682 [INFO] compute_permit_sim.core.agents: Lab 16 CHEATING: Gain (12.426) > ExpPenalty (0.570)
2026-02-03 21:59:21,684 [INFO] compute_permit_sim.core.agents: Lab 18 CHEATING: Gain (12.203) > ExpPenalty (0.559)
2026-02-03 21:59:21,757 [INFO] compute_permit_sim.services.simulation: Step 8 complete. Price: 2.52, Compliance: 75.00%
2026-02-03 21:59:21,823 [INFO] MESA.mesa.model: calling model.step for step 9 at time 9.0
2026-02-03 21:59:21,825 [INFO] compute_permit_sim.core.agents: Lab 4 CHEATING: Gain (12.357) > ExpPenalty (0.730)
2026-02-03 21:59:21,826 [INFO] compute_permit_sim.core.agents: Lab 7 CHEATING: Gain (12.384) > ExpPenalty (0.919)
2026-02-03 21:59:21,828 [INFO] compute_permit_sim.core.agents: Lab 8 CHEATING: Gain (12.089) > ExpPenalty (0.873)
2026-02-03 21:59:21,829 [INFO] compute_permit_sim.core.agents: Lab 16 CHEATING: Gain (12.426) > ExpPenalty (0.570)
2026-02-03 21:59:21,830 [INFO] compute_permit_sim.core.agents: Lab 18 CHEATING: Gain (12.203) > ExpPenalty (0.559)
2026-02-03 21:59:21,893 [INFO] compute_permit_sim.services.simulation: Step 9 complete. Price: 2.52, Compliance: 75.00%
2026-02-03 21:59:21,956 [INFO] MESA.mesa.model: calling model.step for step 10 at time 10.0
2026-02-03 21:59:21,958 [INFO] compute_permit_sim.core.agents: Lab 4 CHEATING: Gain (12.357) > ExpPenalty (0.730)
2026-02-03 21:59:21,959 [INFO] compute_permit_sim.core.agents: Lab 7 CHEATING: Gain (12.384) > ExpPenalty (0.919)
2026-02-03 21:59:21,960 [INFO] compute_permit_sim.core.agents: Lab 8 CHEATING: Gain (12.089) > ExpPenalty (0.873)
2026-02-03 21:59:21,961 [INFO] compute_permit_sim.core.agents: Lab 16 CHEATING: Gain (12.426) > ExpPenalty (0.570)
2026-02-03 21:59:21,962 [INFO] compute_permit_sim.core.agents: Lab 18 CHEATING: Gain (12.203) > ExpPenalty (0.559)
2026-02-03 21:59:22,030 [INFO] compute_permit_sim.services.simulation: Step 10 complete. Price: 2.52, Compliance: 75.00%
2026-02-03 21:59:22,091 [INFO] compute_permit_sim.services.simulation: Step limit reached in play loop
2026-02-03 21:59:22,095 [INFO] compute_permit_sim.services.simulation: Packing run 20260203_215922
2026-02-03 21:59:26,533 [ERROR] asyncio: Exception in callback Future.set_exception()
handle: <Handle Future.set_exception()>
Traceback (most recent call last):
  File "C:\Users\tuffy_josh.R90L5WH4\AppData\Roaming\uv\python\cpython-3.13.7-windows-x86_64-none\Lib\asyncio\events.py", line 89, in _run
    self._context.run(self._callback, *self._args)
    ~~~~~~~~~~~~~~~~~^^^^^^^^^^^^^^^^^^^^^^^^^^^^^
asyncio.exceptions.InvalidStateError: invalid state
2026-02-03 21:59:56,947 [INFO] compute_permit_sim.services.simulation: Loading scenario: EXAMPLE_4_marginal_deterrence.json
2026-02-03 21:59:58,319 [INFO] compute_permit_sim.services.simulation: Resetting simulation model
2026-02-03 21:59:58,442 [INFO] compute_permit_sim.services.simulation: Model initialized with seed: 2001
2026-02-03 22:00:01,326 [INFO] compute_permit_sim.services.simulation: Starting play loop
2026-02-03 22:00:01,342 [INFO] MESA.mesa.model: calling model.step for step 1 at time 1.0
2026-02-03 22:00:01,345 [INFO] compute_permit_sim.core.agents: Lab 7 CHEATING: Gain (2.676) > ExpPenalty (1.192)
2026-02-03 22:00:01,355 [INFO] compute_permit_sim.core.agents: Lab 8 CHEATING: Gain (2.581) > ExpPenalty (1.344)
2026-02-03 22:00:01,360 [INFO] compute_permit_sim.core.agents: Lab 13 CHEATING: Gain (3.152) > ExpPenalty (1.982)
2026-02-03 22:00:01,370 [INFO] compute_permit_sim.core.agents: Lab 17 CHEATING: Gain (2.538) > ExpPenalty (1.256)
2026-02-03 22:00:01,420 [INFO] compute_permit_sim.core.agents: Lab 20 CHEATING: Gain (2.618) > ExpPenalty (1.214)
2026-02-03 22:00:01,540 [INFO] compute_permit_sim.services.simulation: Step 1 complete. Price: 1.73, Compliance: 75.00%
2026-02-03 22:00:01,601 [INFO] MESA.mesa.model: calling model.step for step 2 at time 2.0
2026-02-03 22:00:01,605 [INFO] compute_permit_sim.core.agents: Lab 7 CHEATING: Gain (2.676) > ExpPenalty (1.192)
2026-02-03 22:00:01,607 [INFO] compute_permit_sim.core.agents: Lab 8 CHEATING: Gain (2.581) > ExpPenalty (1.344)
2026-02-03 22:00:01,609 [INFO] compute_permit_sim.core.agents: Lab 13 CHEATING: Gain (3.152) > ExpPenalty (1.982)
2026-02-03 22:00:01,611 [INFO] compute_permit_sim.core.agents: Lab 17 CHEATING: Gain (2.538) > ExpPenalty (1.256)
2026-02-03 22:00:01,612 [INFO] compute_permit_sim.core.agents: Lab 20 CHEATING: Gain (2.618) > ExpPenalty (1.214)
2026-02-03 22:00:01,720 [INFO] compute_permit_sim.services.simulation: Step 2 complete. Price: 1.73, Compliance: 75.00%
2026-02-03 22:00:01,779 [INFO] MESA.mesa.model: calling model.step for step 3 at time 3.0
2026-02-03 22:00:01,788 [INFO] compute_permit_sim.core.agents: Lab 7 CHEATING: Gain (2.676) > ExpPenalty (1.192)
2026-02-03 22:00:01,789 [INFO] compute_permit_sim.core.agents: Lab 8 CHEATING: Gain (2.581) > ExpPenalty (1.344)
2026-02-03 22:00:01,790 [INFO] compute_permit_sim.core.agents: Lab 13 CHEATING: Gain (3.152) > ExpPenalty (1.982)
2026-02-03 22:00:01,791 [INFO] compute_permit_sim.core.agents: Lab 17 CHEATING: Gain (2.538) > ExpPenalty (1.256)
2026-02-03 22:00:01,792 [INFO] compute_permit_sim.core.agents: Lab 20 CHEATING: Gain (2.618) > ExpPenalty (1.214)
2026-02-03 22:00:01,930 [INFO] compute_permit_sim.services.simulation: Step 3 complete. Price: 1.73, Compliance: 75.00%
2026-02-03 22:00:01,996 [INFO] MESA.mesa.model: calling model.step for step 4 at time 4.0
2026-02-03 22:00:02,002 [INFO] compute_permit_sim.core.agents: Lab 7 CHEATING: Gain (2.676) > ExpPenalty (1.192)
2026-02-03 22:00:02,003 [INFO] compute_permit_sim.core.agents: Lab 8 CHEATING: Gain (2.581) > ExpPenalty (1.344)
2026-02-03 22:00:02,004 [INFO] compute_permit_sim.core.agents: Lab 13 CHEATING: Gain (3.152) > ExpPenalty (1.982)
2026-02-03 22:00:02,005 [INFO] compute_permit_sim.core.agents: Lab 17 CHEATING: Gain (2.538) > ExpPenalty (1.256)
2026-02-03 22:00:02,006 [INFO] compute_permit_sim.core.agents: Lab 20 CHEATING: Gain (2.618) > ExpPenalty (1.214)
2026-02-03 22:00:02,107 [INFO] compute_permit_sim.services.simulation: Step 4 complete. Price: 1.73, Compliance: 75.00%
2026-02-03 22:00:02,167 [INFO] MESA.mesa.model: calling model.step for step 5 at time 5.0
2026-02-03 22:00:02,169 [INFO] compute_permit_sim.core.agents: Lab 7 CHEATING: Gain (2.676) > ExpPenalty (1.192)
2026-02-03 22:00:02,171 [INFO] compute_permit_sim.core.agents: Lab 8 CHEATING: Gain (2.581) > ExpPenalty (1.344)
2026-02-03 22:00:02,173 [INFO] compute_permit_sim.core.agents: Lab 13 CHEATING: Gain (3.152) > ExpPenalty (1.982)
2026-02-03 22:00:02,174 [INFO] compute_permit_sim.core.agents: Lab 17 CHEATING: Gain (2.538) > ExpPenalty (1.256)
2026-02-03 22:00:02,177 [INFO] compute_permit_sim.core.agents: Lab 20 CHEATING: Gain (2.618) > ExpPenalty (1.214)
2026-02-03 22:00:02,310 [INFO] compute_permit_sim.services.simulation: Step 5 complete. Price: 1.73, Compliance: 75.00%
2026-02-03 22:00:02,369 [INFO] MESA.mesa.model: calling model.step for step 6 at time 6.0
2026-02-03 22:00:02,371 [INFO] compute_permit_sim.core.agents: Lab 7 CHEATING: Gain (2.676) > ExpPenalty (1.192)
2026-02-03 22:00:02,372 [INFO] compute_permit_sim.core.agents: Lab 8 CHEATING: Gain (2.581) > ExpPenalty (1.344)
2026-02-03 22:00:02,374 [INFO] compute_permit_sim.core.agents: Lab 13 CHEATING: Gain (3.152) > ExpPenalty (1.982)
2026-02-03 22:00:02,376 [INFO] compute_permit_sim.core.agents: Lab 17 CHEATING: Gain (2.538) > ExpPenalty (1.256)
2026-02-03 22:00:02,377 [INFO] compute_permit_sim.core.agents: Lab 20 CHEATING: Gain (2.618) > ExpPenalty (1.214)
2026-02-03 22:00:02,477 [INFO] compute_permit_sim.services.simulation: Step 6 complete. Price: 1.73, Compliance: 75.00%
2026-02-03 22:00:02,535 [INFO] MESA.mesa.model: calling model.step for step 7 at time 7.0
2026-02-03 22:00:02,537 [INFO] compute_permit_sim.core.agents: Lab 7 CHEATING: Gain (2.676) > ExpPenalty (1.192)
2026-02-03 22:00:02,538 [INFO] compute_permit_sim.core.agents: Lab 8 CHEATING: Gain (2.581) > ExpPenalty (1.344)
2026-02-03 22:00:02,539 [INFO] compute_permit_sim.core.agents: Lab 13 CHEATING: Gain (3.152) > ExpPenalty (1.982)
2026-02-03 22:00:02,541 [INFO] compute_permit_sim.core.agents: Lab 17 CHEATING: Gain (2.538) > ExpPenalty (1.256)
2026-02-03 22:00:02,543 [INFO] compute_permit_sim.core.agents: Lab 20 CHEATING: Gain (2.618) > ExpPenalty (1.214)
2026-02-03 22:00:02,651 [INFO] compute_permit_sim.services.simulation: Step 7 complete. Price: 1.73, Compliance: 75.00%
2026-02-03 22:00:02,708 [INFO] MESA.mesa.model: calling model.step for step 8 at time 8.0
2026-02-03 22:00:02,710 [INFO] compute_permit_sim.core.agents: Lab 7 CHEATING: Gain (2.676) > ExpPenalty (1.192)
2026-02-03 22:00:02,711 [INFO] compute_permit_sim.core.agents: Lab 8 CHEATING: Gain (2.581) > ExpPenalty (1.344)
2026-02-03 22:00:02,716 [INFO] compute_permit_sim.core.agents: Lab 13 CHEATING: Gain (3.152) > ExpPenalty (1.982)
2026-02-03 22:00:02,719 [INFO] compute_permit_sim.core.agents: Lab 17 CHEATING: Gain (2.538) > ExpPenalty (1.256)
2026-02-03 22:00:02,721 [INFO] compute_permit_sim.core.agents: Lab 20 CHEATING: Gain (2.618) > ExpPenalty (1.214)
2026-02-03 22:00:02,821 [INFO] compute_permit_sim.services.simulation: Step 8 complete. Price: 1.73, Compliance: 75.00%
2026-02-03 22:00:02,889 [INFO] MESA.mesa.model: calling model.step for step 9 at time 9.0
2026-02-03 22:00:02,891 [INFO] compute_permit_sim.core.agents: Lab 7 CHEATING: Gain (2.676) > ExpPenalty (1.192)
2026-02-03 22:00:02,892 [INFO] compute_permit_sim.core.agents: Lab 8 CHEATING: Gain (2.581) > ExpPenalty (1.344)
2026-02-03 22:00:02,893 [INFO] compute_permit_sim.core.agents: Lab 13 CHEATING: Gain (3.152) > ExpPenalty (1.982)
2026-02-03 22:00:02,895 [INFO] compute_permit_sim.core.agents: Lab 17 CHEATING: Gain (2.538) > ExpPenalty (1.256)
2026-02-03 22:00:02,901 [INFO] compute_permit_sim.core.agents: Lab 20 CHEATING: Gain (2.618) > ExpPenalty (1.214)
2026-02-03 22:00:03,025 [INFO] compute_permit_sim.services.simulation: Step 9 complete. Price: 1.73, Compliance: 75.00%
2026-02-03 22:00:03,099 [INFO] MESA.mesa.model: calling model.step for step 10 at time 10.0
2026-02-03 22:00:03,101 [INFO] compute_permit_sim.core.agents: Lab 7 CHEATING: Gain (2.676) > ExpPenalty (1.192)
2026-02-03 22:00:03,102 [INFO] compute_permit_sim.core.agents: Lab 8 CHEATING: Gain (2.581) > ExpPenalty (1.344)
2026-02-03 22:00:03,103 [INFO] compute_permit_sim.core.agents: Lab 13 CHEATING: Gain (3.152) > ExpPenalty (1.982)
2026-02-03 22:00:03,104 [INFO] compute_permit_sim.core.agents: Lab 17 CHEATING: Gain (2.538) > ExpPenalty (1.256)
2026-02-03 22:00:03,105 [INFO] compute_permit_sim.core.agents: Lab 20 CHEATING: Gain (2.618) > ExpPenalty (1.214)
2026-02-03 22:00:03,215 [INFO] compute_permit_sim.services.simulation: Step 10 complete. Price: 1.73, Compliance: 75.00%
2026-02-03 22:00:03,282 [INFO] compute_permit_sim.services.simulation: Step limit reached in play loop
2026-02-03 22:00:03,285 [INFO] compute_permit_sim.services.simulation: Packing run 20260203_220003
2026-02-03 22:00:08,485 [ERROR] asyncio: Exception in callback Future.set_exception()
handle: <Handle Future.set_exception()>
Traceback (most recent call last):
  File "C:\Users\tuffy_josh.R90L5WH4\AppData\Roaming\uv\python\cpython-3.13.7-windows-x86_64-none\Lib\asyncio\events.py", line 89, in _run
    self._context.run(self._callback, *self._args)
    ~~~~~~~~~~~~~~~~~^^^^^^^^^^^^^^^^^^^^^^^^^^^^^
asyncio.exceptions.InvalidStateError: invalid state
2026-02-03 22:00:22,816 [INFO] compute_permit_sim.services.simulation: Loading scenario: EXAMPLE_5_strict_audit.json
2026-02-03 22:00:24,551 [INFO] compute_permit_sim.services.simulation: Resetting simulation model
2026-02-03 22:00:24,706 [INFO] compute_permit_sim.services.simulation: Model initialized with seed: 999
2026-02-03 22:00:27,430 [INFO] compute_permit_sim.services.simulation: Starting play loop
2026-02-03 22:00:27,433 [INFO] MESA.mesa.model: calling model.step for step 1 at time 1.0
2026-02-03 22:00:27,438 [INFO] compute_permit_sim.services.simulation: Step 1 complete. Price: 0.00, Compliance: 100.00%
2026-02-03 22:00:27,505 [INFO] MESA.mesa.model: calling model.step for step 2 at time 2.0
2026-02-03 22:00:27,517 [INFO] compute_permit_sim.services.simulation: Step 2 complete. Price: 0.00, Compliance: 100.00%
2026-02-03 22:00:27,595 [INFO] MESA.mesa.model: calling model.step for step 3 at time 3.0
2026-02-03 22:00:27,618 [INFO] compute_permit_sim.services.simulation: Step 3 complete. Price: 0.00, Compliance: 100.00%
2026-02-03 22:00:27,703 [INFO] MESA.mesa.model: calling model.step for step 4 at time 4.0
2026-02-03 22:00:27,713 [INFO] compute_permit_sim.services.simulation: Step 4 complete. Price: 0.00, Compliance: 100.00%
2026-02-03 22:00:27,868 [INFO] MESA.mesa.model: calling model.step for step 5 at time 5.0
2026-02-03 22:00:27,918 [INFO] compute_permit_sim.services.simulation: Step 5 complete. Price: 0.00, Compliance: 100.00%
2026-02-03 22:00:27,975 [INFO] MESA.mesa.model: calling model.step for step 6 at time 6.0
2026-02-03 22:00:27,982 [INFO] compute_permit_sim.services.simulation: Step 6 complete. Price: 0.00, Compliance: 100.00%
2026-02-03 22:00:28,045 [INFO] MESA.mesa.model: calling model.step for step 7 at time 7.0
2026-02-03 22:00:28,050 [INFO] compute_permit_sim.services.simulation: Step 7 complete. Price: 0.00, Compliance: 100.00%
2026-02-03 22:00:28,119 [INFO] MESA.mesa.model: calling model.step for step 8 at time 8.0
2026-02-03 22:00:28,145 [INFO] compute_permit_sim.services.simulation: Step 8 complete. Price: 0.00, Compliance: 100.00%
2026-02-03 22:00:28,229 [INFO] MESA.mesa.model: calling model.step for step 9 at time 9.0
2026-02-03 22:00:28,238 [INFO] compute_permit_sim.services.simulation: Step 9 complete. Price: 0.00, Compliance: 100.00%
2026-02-03 22:00:28,309 [INFO] MESA.mesa.model: calling model.step for step 10 at time 10.0
2026-02-03 22:00:28,316 [INFO] compute_permit_sim.services.simulation: Step 10 complete. Price: 0.00, Compliance: 100.00%
2026-02-03 22:00:28,416 [INFO] compute_permit_sim.services.simulation: Step limit reached in play loop
2026-02-03 22:00:28,430 [INFO] compute_permit_sim.services.simulation: Packing run 20260203_220028
2026-02-03 22:02:02,259 [INFO] compute_permit_sim.services.simulation: Restoring config from run run_20260203_220003
2026-02-03 22:02:03,487 [INFO] compute_permit_sim.services.simulation: Restored seed: 2001
